[debug] [2023-04-23T15:58:38.697Z] ----------------------------------------------------------------------
[debug] [2023-04-23T15:58:38.699Z] Command:       C:\Program Files\nodejs\node.exe C:\Users\Rachana\AppData\Roaming\npm\node_modules\firebase-tools\lib\bin\firebase.js init
[debug] [2023-04-23T15:58:38.700Z] CLI Version:   11.28.0
[debug] [2023-04-23T15:58:38.700Z] Platform:      win32
[debug] [2023-04-23T15:58:38.700Z] Node Version:  v18.16.0
[debug] [2023-04-23T15:58:38.701Z] Time:          Sun Apr 23 2023 21:28:38 GMT+0530 (India Standard Time)
[debug] [2023-04-23T15:58:38.701Z] ----------------------------------------------------------------------
[debug] 
[debug] [2023-04-23T15:58:38.766Z] > command requires scopes: ["email","openid","https://www.googleapis.com/auth/cloudplatformprojects.readonly","https://www.googleapis.com/auth/firebase","https://www.googleapis.com/auth/cloud-platform"]
[debug] [2023-04-23T15:58:38.766Z] > authorizing via signed-in user (yadavrachana2002@gmail.com)
[info] 
     ######## #### ########  ######## ########     ###     ######  ########
     ##        ##  ##     ## ##       ##     ##  ##   ##  ##       ##
     ######    ##  ########  ######   ########  #########  ######  ######
     ##        ##  ##    ##  ##       ##     ## ##     ##       ## ##
     ##       #### ##     ## ######## ########  ##     ##  ######  ########

You're about to initialize a Firebase project in this directory:

  C:\Users\Rachana\OneDrive\Desktop\react course\textutils

Before we get started, keep in mind:

  * You are initializing within an existing Firebase project directory

[info] 
=== Project Setup
[info] 
[info] First, let's associate this project directory with a Firebase project.
[info] You can create multiple project aliases by running firebase use --add, 
[info] but for now we'll just set up a default project.
[info] 
[debug] [2023-04-23T16:20:49.249Z] Using project from CLI flag: softskill-659f5
[debug] [2023-04-23T16:20:49.251Z] >>> [apiv2][query] GET https://firebase.googleapis.com/v1beta1/projects/softskill-659f5 [none]
[debug] [2023-04-23T16:20:52.738Z] <<< [apiv2][status] GET https://firebase.googleapis.com/v1beta1/projects/softskill-659f5 200
[debug] [2023-04-23T16:20:52.739Z] <<< [apiv2][body] GET https://firebase.googleapis.com/v1beta1/projects/softskill-659f5 {"projectId":"softskill-659f5","projectNumber":"782606764446","displayName":"softskill","name":"projects/softskill-659f5","resources":{"hostingSite":"softskill-659f5","realtimeDatabaseInstance":"softskill-659f5-default-rtdb","storageBucket":"softskill-659f5.appspot.com","locationId":"us-central"},"state":"ACTIVE","etag":"1_ef8d8055-43f7-4e6d-b74c-2fe728ac1e53"}
[info] i  Using project softskill-659f5 (softskill) 
[info] 
=== Hosting Setup
[info] 
[info] Your public directory is the folder (relative to your project directory) that
[info] will contain Hosting assets to be uploaded with firebase deploy. If you
[info] have a build process for your assets, use your build's output directory.
[info] 
[debug] [2023-04-23T16:22:27.516Z] >>> [apiv2][query] GET https://www.gstatic.com/firebasejs/releases.json [none]
[debug] [2023-04-23T16:22:46.697Z] Error: Timed out.
    at Timeout._onTimeout (C:\Users\Rachana\AppData\Roaming\npm\node_modules\firebase-tools\lib\utils.js:253:49)
    at listOnTimeout (node:internal/timers:569:17)
    at process.processTimers (node:internal/timers:512:7)
[error] 
[error] Error: An unexpected error has occurred.
[debug] [2023-04-23T16:23:34.070Z] ----------------------------------------------------------------------
[debug] [2023-04-23T16:23:34.072Z] Command:       C:\Program Files\nodejs\node.exe C:\Users\Rachana\AppData\Roaming\npm\node_modules\firebase-tools\lib\bin\firebase.js init
[debug] [2023-04-23T16:23:34.072Z] CLI Version:   11.28.0
[debug] [2023-04-23T16:23:34.073Z] Platform:      win32
[debug] [2023-04-23T16:23:34.073Z] Node Version:  v18.16.0
[debug] [2023-04-23T16:23:34.075Z] Time:          Sun Apr 23 2023 21:53:34 GMT+0530 (India Standard Time)
[debug] [2023-04-23T16:23:34.075Z] ----------------------------------------------------------------------
[debug] 
[debug] [2023-04-23T16:23:34.139Z] > command requires scopes: ["email","openid","https://www.googleapis.com/auth/cloudplatformprojects.readonly","https://www.googleapis.com/auth/firebase","https://www.googleapis.com/auth/cloud-platform"]
[debug] [2023-04-23T16:23:34.139Z] > authorizing via signed-in user (yadavrachana2002@gmail.com)
[info] 
     ######## #### ########  ######## ########     ###     ######  ########
     ##        ##  ##     ## ##       ##     ##  ##   ##  ##       ##
     ######    ##  ########  ######   ########  #########  ######  ######
     ##        ##  ##    ##  ##       ##     ## ##     ##       ## ##
     ##       #### ##     ## ######## ########  ##     ##  ######  ########

You're about to initialize a Firebase project in this directory:

  C:\Users\Rachana\OneDrive\Desktop\react course\textutils

Before we get started, keep in mind:

  * You are initializing within an existing Firebase project directory

[info] 
=== Project Setup
[info] 
[info] First, let's associate this project directory with a Firebase project.
[info] You can create multiple project aliases by running firebase use --add, 
[info] but for now we'll just set up a default project.
[info] 
[debug] [2023-04-23T16:24:22.737Z] Using project from CLI flag: softskill-659f5
[debug] [2023-04-23T16:24:22.740Z] >>> [apiv2][query] GET https://firebase.googleapis.com/v1beta1/projects/softskill-659f5 [none]
[debug] [2023-04-23T16:24:31.594Z] <<< [apiv2][status] GET https://firebase.googleapis.com/v1beta1/projects/softskill-659f5 200
[debug] [2023-04-23T16:24:31.594Z] <<< [apiv2][body] GET https://firebase.googleapis.com/v1beta1/projects/softskill-659f5 {"projectId":"softskill-659f5","projectNumber":"782606764446","displayName":"softskill","name":"projects/softskill-659f5","resources":{"hostingSite":"softskill-659f5","realtimeDatabaseInstance":"softskill-659f5-default-rtdb","storageBucket":"softskill-659f5.appspot.com","locationId":"us-central"},"state":"ACTIVE","etag":"1_ef8d8055-43f7-4e6d-b74c-2fe728ac1e53"}
[info] i  Using project softskill-659f5 (softskill) 
[info] 
=== Hosting Setup
[info] 
[info] Your public directory is the folder (relative to your project directory) that
[info] will contain Hosting assets to be uploaded with firebase deploy. If you
[info] have a build process for your assets, use your build's output directory.
[info] 
[debug] [2023-04-23T16:24:54.614Z] >>> [apiv2][query] GET https://www.gstatic.com/firebasejs/releases.json [none]
[debug] [2023-04-23T16:24:56.059Z] <<< [apiv2][status] GET https://www.gstatic.com/firebasejs/releases.json 200
[debug] [2023-04-23T16:24:56.059Z] <<< [apiv2][body] GET https://www.gstatic.com/firebasejs/releases.json {"current":{"version":"9.20.0","browserURL":"https://www.gstatic.com/firebasejs/9.20.0/firebase.js","packageURL":"https://www.gstatic.com/firebasejs/9.20.0/firebase.tgz"},"live":{"version":"9.20","browserURL":"https://www.gstatic.com/firebasejs/live/9.20/firebase.js","packageURL":"https://www.gstatic.com/firebasejs/live/9.20/firebase.tgz"},"components":{"analytics":"https://www.gstatic.com/firebasejs/9.20.0/firebase-analytics.js","app":"https://www.gstatic.com/firebasejs/9.20.0/firebase-app.js","app-check":"https://www.gstatic.com/firebasejs/9.20.0/firebase-app-check.js","auth":"https://www.gstatic.com/firebasejs/9.20.0/firebase-auth.js","auth/cordova":"https://www.gstatic.com/firebasejs/9.20.0/firebase-auth/cordova.js","auth/react-native":"https://www.gstatic.com/firebasejs/9.20.0/firebase-auth/react-native.js","functions":"https://www.gstatic.com/firebasejs/9.20.0/firebase-functions.js","firestore":"https://www.gstatic.com/firebasejs/9.20.0/firebase-firestore.js","firestore/lite":"https://www.gstatic.com/firebasejs/9.20.0/firebase-firestore/lite.js","installations":"https://www.gstatic.com/firebasejs/9.20.0/firebase-installations.js","storage":"https://www.gstatic.com/firebasejs/9.20.0/firebase-storage.js","performance":"https://www.gstatic.com/firebasejs/9.20.0/firebase-performance.js","remote-config":"https://www.gstatic.com/firebasejs/9.20.0/firebase-remote-config.js","messaging":"https://www.gstatic.com/firebasejs/9.20.0/firebase-messaging.js","messaging/sw":"https://www.gstatic.com/firebasejs/9.20.0/firebase-messaging/sw.js","database":"https://www.gstatic.com/firebasejs/9.20.0/firebase-database.js","firestore.memory":"https://www.gstatic.com/firebasejs/9.20.0/firebase-firestore.memory.js"}}
[info] +  Wrote public/index.html 
[info] 
[info] i  Writing configuration info to firebase.json... 
[info] i  Writing project information to .firebaserc... 
[info] 
[info] +  Firebase initialization complete! 
[debug] [2023-04-23T16:25:13.392Z] Error: Timed out.
    at Timeout._onTimeout (C:\Users\Rachana\AppData\Roaming\npm\node_modules\firebase-tools\lib\utils.js:253:49)
    at listOnTimeout (node:internal/timers:569:17)
    at process.processTimers (node:internal/timers:512:7)
[error] 
[error] Error: An unexpected error has occurred.
[debug] [2023-04-23T16:27:25.883Z] ----------------------------------------------------------------------
[debug] [2023-04-23T16:27:25.884Z] Command:       C:\Program Files\nodejs\node.exe C:\Users\Rachana\AppData\Roaming\npm\node_modules\firebase-tools\lib\bin\firebase.js deploy --only hosting
[debug] [2023-04-23T16:27:25.885Z] CLI Version:   11.28.0
[debug] [2023-04-23T16:27:25.886Z] Platform:      win32
[debug] [2023-04-23T16:27:25.886Z] Node Version:  v18.16.0
[debug] [2023-04-23T16:27:25.887Z] Time:          Sun Apr 23 2023 21:57:25 GMT+0530 (India Standard Time)
[debug] [2023-04-23T16:27:25.887Z] ----------------------------------------------------------------------
[debug] 
[debug] [2023-04-23T16:27:25.955Z] > command requires scopes: ["email","openid","https://www.googleapis.com/auth/cloudplatformprojects.readonly","https://www.googleapis.com/auth/firebase","https://www.googleapis.com/auth/cloud-platform"]
[debug] [2023-04-23T16:27:25.956Z] > authorizing via signed-in user (yadavrachana2002@gmail.com)
[debug] [2023-04-23T16:27:25.956Z] [iam] checking project softskill-659f5 for permissions ["firebase.projects.get","firebasehosting.sites.update"]
[debug] [2023-04-23T16:27:25.958Z] >>> [apiv2][query] POST https://cloudresourcemanager.googleapis.com/v1/projects/softskill-659f5:testIamPermissions [none]
[debug] [2023-04-23T16:27:25.958Z] >>> [apiv2][(partial)header] POST https://cloudresourcemanager.googleapis.com/v1/projects/softskill-659f5:testIamPermissions x-goog-quota-user=projects/softskill-659f5
[debug] [2023-04-23T16:27:25.958Z] >>> [apiv2][body] POST https://cloudresourcemanager.googleapis.com/v1/projects/softskill-659f5:testIamPermissions {"permissions":["firebase.projects.get","firebasehosting.sites.update"]}
[debug] [2023-04-23T16:27:26.002Z] [iam] error while checking permissions, command may fail: FirebaseError: Failed to make request to https://cloudresourcemanager.googleapis.com/v1/projects/softskill-659f5:testIamPermissions
[debug] [2023-04-23T16:27:26.004Z] >>> [apiv2][query] GET https://firebase.googleapis.com/v1beta1/projects/softskill-659f5 [none]
[debug] [2023-04-23T16:27:26.012Z] Failed to make request to https://firebase.googleapis.com/v1beta1/projects/softskill-659f5
[debug] [2023-04-23T16:27:26.032Z] FirebaseError: Failed to make request to https://firebase.googleapis.com/v1beta1/projects/softskill-659f5
    at RetryOperation._fn (C:\Users\Rachana\AppData\Roaming\npm\node_modules\firebase-tools\lib\apiv2.js:242:31)
    at process.processTicksAndRejections (node:internal/process/task_queues:95:5)
[error] 
[error] Error: Failed to get Firebase project softskill-659f5. Please make sure the project exists and your account has permission to access it.
